# utility shit
nano
wget
unzip
git
less
xclip
stow
gum
gnome-font-viewer
flatpak

# Fix dolphin "open with" menu
archlinux-xdg-menu

# Sudo ui prompts
hyprpolkitagent

# Ask for auth (required by timeshift)
xorg-xhost

# Network
networkmanager

# Audio (im using pipewire)
pipewire-pulse
pamixer

# Bluetooth
bluez
bluez-utils
blueman

# clipboard
cliphist

# zsh (shell)
zsh
zsh-completions
fastfetch

# ui
hyprpaper
wofi
rofi-wayland
waybar
hyprlock
hypridle
swww
swaync
hyprcursor

# emotes & fonts
noto-fonts-emoji
ttf-jetbrains-mono-nerd
#nerd-fonts
# run fc-cache -fv
wtype
rofimoji

# vm
spice-vdagent
xf86-video-qxl
virtiofsd